This file contains any messages produced by compilers while
running configure, to aid debugging if configure makes a mistake.

It was created by libmspack configure 0.4alpha, which was
generated by GNU Autoconf 2.68.  Invocation command line was

  $ ./configure 

## --------- ##
## Platform. ##
## --------- ##

hostname = Matthews-MacBook-Pro.local
uname -m = x86_64
uname -r = 14.0.0
uname -s = Darwin
uname -v = Darwin Kernel Version 14.0.0: Fri Sep 19 00:26:44 PDT 2014; root:xnu-2782.1.97~2/RELEASE_X86_64

/usr/bin/uname -p = i386
/bin/uname -X     = unknown

/bin/arch              = unknown
/usr/bin/arch -k       = unknown
/usr/convex/getsysinfo = unknown
/usr/bin/hostinfo      = Mach kernel version:
	 Darwin Kernel Version 14.0.0: Fri Sep 19 00:26:44 PDT 2014; root:xnu-2782.1.97~2/RELEASE_X86_64
Kernel configured for up to 4 processors.
2 processors are physically available.
4 processors are logically available.
Processor type: i486 (Intel 80486)
Processors active: 0 1 2 3
Primary memory available: 16.00 gigabytes
Default processor set: 317 tasks, 1503 threads, 4 processors
Load average: 2.22, Mach factor: 1.79
/bin/machine           = unknown
/usr/bin/oslevel       = unknown
/bin/universe          = unknown

PATH: /opt/local/bin
PATH: /opt/local/sbin
PATH: /Users/matt/.rvm/gems/ruby-1.9.3-p286/bin
PATH: /Users/matt/.rvm/gems/ruby-1.9.3-p286@global/bin
PATH: /Users/matt/.rvm/rubies/ruby-1.9.3-p286/bin
PATH: /Users/matt/.rvm/bin
PATH: /usr/local/bin
PATH: /usr/local/bin
PATH: /usr/bin
PATH: /bin
PATH: /usr/sbin
PATH: /sbin
PATH: /opt/X11/bin
PATH: /Users/matt/.ec2bin/bin
PATH: /Users/matt/.rvm/bin
PATH: /Users/matt/.ec2bin/bin
PATH: /Users/matt/.rvm/bin
PATH: /usr/local/share/npm/bin
PATH: /Users/matt/bin


## ----------- ##
## Core tests. ##
## ----------- ##

configure:2470: checking for a BSD-compatible install
configure:2538: result: /usr/bin/install -c
configure:2549: checking whether build environment is sane
configure:2599: result: yes
configure:2740: checking for a thread-safe mkdir -p
configure:2779: result: ./install-sh -c -d
configure:2792: checking for gawk
configure:2822: result: no
configure:2792: checking for mawk
configure:2822: result: no
configure:2792: checking for nawk
configure:2822: result: no
configure:2792: checking for awk
configure:2808: found /usr/bin/awk
configure:2819: result: awk
configure:2830: checking whether make sets $(MAKE)
configure:2852: result: yes
configure:2947: checking whether make supports nested variables
configure:2964: result: yes
configure:3047: checking for gcc
configure:3063: found /usr/local/bin/gcc
configure:3074: result: gcc
configure:3303: checking for C compiler version
configure:3312: gcc --version >&5
gcc (GCC) 4.8.3
Copyright (C) 2013 Free Software Foundation, Inc.
This is free software; see the source for copying conditions.  There is NO
warranty; not even for MERCHANTABILITY or FITNESS FOR A PARTICULAR PURPOSE.

gcc: warning: couldn't understand kern.osversion '14.0.0
configure:3323: $? = 0
configure:3312: gcc -v >&5
gcc: warning: couldn't understand kern.osversion '14.0.0
Using built-in specs.
COLLECT_GCC=gcc
COLLECT_LTO_WRAPPER=/usr/local/Cellar/gcc/4.8.3/libexec/gcc/x86_64-apple-darwin13.2.0/4.8.3/lto-wrapper
Target: x86_64-apple-darwin13.2.0
Configured with: ../configure --build=x86_64-apple-darwin13.2.0 --prefix=/usr/local/Cellar/gcc/4.8.3 --enable-languages=c,c++,objc,obj-c++,fortran --with-gmp=/usr/local/opt/gmp --with-mpfr=/usr/local/opt/mpfr --with-mpc=/usr/local/opt/libmpc --with-cloog=/usr/local/opt/cloog --with-isl=/usr/local/opt/isl --with-system-zlib --enable-version-specific-runtime-libs --enable-libstdcxx-time=yes --enable-stage1-checking --enable-checking=release --enable-lto --disable-werror --enable-plugin --disable-nls --enable-multilib
Thread model: posix
gcc version 4.8.3 (GCC) 
configure:3323: $? = 0
configure:3312: gcc -V >&5
gcc: warning: couldn't understand kern.osversion '14.0.0
gcc: error: unrecognized command line option '-V'
gcc: fatal error: no input files
compilation terminated.
configure:3323: $? = 1
configure:3312: gcc -qversion >&5
gcc: warning: couldn't understand kern.osversion '14.0.0
gcc: error: unrecognized command line option '-qversion'
gcc: fatal error: no input files
compilation terminated.
configure:3323: $? = 1
configure:3343: checking whether the C compiler works
configure:3365: gcc    conftest.c  >&5
gcc: warning: couldn't understand kern.osversion '14.0.0
configure:3369: $? = 0
configure:3417: result: yes
configure:3420: checking for C compiler default output file name
configure:3422: result: a.out
configure:3428: checking for suffix of executables
configure:3435: gcc -o conftest    conftest.c  >&5
gcc: warning: couldn't understand kern.osversion '14.0.0
configure:3439: $? = 0
configure:3461: result: 
configure:3483: checking whether we are cross compiling
configure:3491: gcc -o conftest    conftest.c  >&5
gcc: warning: couldn't understand kern.osversion '14.0.0
configure:3495: $? = 0
configure:3502: ./conftest
configure:3506: $? = 0
configure:3521: result: no
configure:3526: checking for suffix of object files
configure:3548: gcc -c   conftest.c >&5
gcc: warning: couldn't understand kern.osversion '14.0.0
configure:3552: $? = 0
configure:3573: result: o
configure:3577: checking whether we are using the GNU C compiler
configure:3596: gcc -c   conftest.c >&5
gcc: warning: couldn't understand kern.osversion '14.0.0
configure:3596: $? = 0
configure:3605: result: yes
configure:3614: checking whether gcc accepts -g
configure:3634: gcc -c -g  conftest.c >&5
gcc: warning: couldn't understand kern.osversion '14.0.0
configure:3634: $? = 0
configure: failed program was:
| /* confdefs.h */
| #define PACKAGE_NAME "libmspack"
| #define PACKAGE_TARNAME "libmspack"
| #define PACKAGE_VERSION "0.4alpha"
| #define PACKAGE_STRING "libmspack 0.4alpha"
| #define PACKAGE_BUGREPORT "kyzer@4u.net"
| #define PACKAGE_URL ""
| #define PACKAGE "libmspack"
| #define VERSION "0.4alpha"
| /* end confdefs.h.  */
| 
| int
| main ()
| {
| 
|   ;
|   return 0;
| }
configure:3649: gcc -c   conftest.c >&5
gcc: warning: couldn't understand kern.osversion '14.0.0
configure:3649: $? = 0
configure: failed program was:
| /* confdefs.h */
| #define PACKAGE_NAME "libmspack"
| #define PACKAGE_TARNAME "libmspack"
| #define PACKAGE_VERSION "0.4alpha"
| #define PACKAGE_STRING "libmspack 0.4alpha"
| #define PACKAGE_BUGREPORT "kyzer@4u.net"
| #define PACKAGE_URL ""
| #define PACKAGE "libmspack"
| #define VERSION "0.4alpha"
| /* end confdefs.h.  */
| 
| int
| main ()
| {
| 
|   ;
|   return 0;
| }
configure:3665: gcc -c -g  conftest.c >&5
gcc: warning: couldn't understand kern.osversion '14.0.0
configure:3665: $? = 0
configure:3675: result: yes
configure:3692: checking for gcc option to accept ISO C89
configure:3756: gcc  -c -g -O2  conftest.c >&5
gcc: warning: couldn't understand kern.osversion '14.0.0
configure:3756: $? = 0
configure:3769: result: none needed
configure:3800: checking for style of include used by make
configure:3828: result: GNU
configure:3854: checking dependency style of gcc
configure:3965: result: gcc3
configure:4018: checking build system type
configure:4032: result: x86_64-apple-darwin14.0.0
configure:4052: checking host system type
configure:4065: result: x86_64-apple-darwin14.0.0
configure:4106: checking how to print strings
configure:4133: result: printf
configure:4154: checking for a sed that does not truncate output
configure:4218: result: /usr/bin/sed
configure:4236: checking for grep that handles long lines and -e
configure:4294: result: /usr/bin/grep
configure:4299: checking for egrep
configure:4361: result: /usr/bin/grep -E
configure:4366: checking for fgrep
configure:4428: result: /usr/bin/grep -F
configure:4463: checking for ld used by gcc
gcc: warning: couldn't understand kern.osversion '14.0.0
configure:4530: result: /usr/bin/ld
configure:4537: checking if the linker (/usr/bin/ld) is GNU ld
configure:4552: result: no
configure:4564: checking for BSD- or MS-compatible name lister (nm)
configure:4613: result: /usr/bin/nm
configure:4743: checking the name lister (/usr/bin/nm) interface
configure:4750: gcc -c -g -O2  conftest.c >&5
gcc: warning: couldn't understand kern.osversion '14.0.0
configure:4753: /usr/bin/nm "conftest.o"
configure:4756: output
00000000000001a0 S _some_variable
configure:4763: result: BSD nm
configure:4766: checking whether ln -s works
configure:4770: result: yes
configure:4778: checking the maximum length of command line arguments
configure:4908: result: 196608
configure:4925: checking whether the shell understands some XSI constructs
configure:4935: result: yes
configure:4939: checking whether the shell understands "+="
configure:4945: result: yes
configure:4980: checking how to convert x86_64-apple-darwin14.0.0 file names to x86_64-apple-darwin14.0.0 format
configure:5020: result: func_convert_file_noop
configure:5027: checking how to convert x86_64-apple-darwin14.0.0 file names to toolchain format
configure:5047: result: func_convert_file_noop
configure:5054: checking for /usr/bin/ld option to reload object files
configure:5061: result: -r
configure:5135: checking for objdump
configure:5165: result: no
configure:5194: checking how to recognize dependent libraries
configure:5396: result: pass_all
configure:5481: checking for dlltool
configure:5511: result: no
configure:5541: checking how to associate runtime and link libraries
configure:5568: result: printf %s\n
configure:5629: checking for ar
configure:5645: found /usr/bin/ar
configure:5656: result: ar
configure:5693: checking for archiver @FILE support
configure:5710: gcc -c -g -O2  conftest.c >&5
gcc: warning: couldn't understand kern.osversion '14.0.0
configure:5710: $? = 0
configure:5713: ar cru libconftest.a @conftest.lst >&5
ar: @conftest.lst: No such file or directory
configure:5716: $? = 1
configure:5736: result: no
configure:5794: checking for strip
configure:5810: found /usr/bin/strip
configure:5821: result: strip
configure:5893: checking for ranlib
configure:5909: found /usr/bin/ranlib
configure:5920: result: ranlib
configure:6022: checking command to parse /usr/bin/nm output from gcc object
configure:6142: gcc -c -g -O2  conftest.c >&5
gcc: warning: couldn't understand kern.osversion '14.0.0
configure:6145: $? = 0
configure:6149: /usr/bin/nm conftest.o \| sed -n -e 's/^.*[ ]\([BCDEGRST][BCDEGRST]*\)[ ][ ]*\([_A-Za-z][_A-Za-z0-9]*\)$/\1 \2 \2/p' | sed '/ __gnu_lto/d' \> conftest.nm
configure:6152: $? = 0
cannot find nm_test_var in conftest.nm
configure:6142: gcc -c -g -O2  conftest.c >&5
gcc: warning: couldn't understand kern.osversion '14.0.0
configure:6145: $? = 0
configure:6149: /usr/bin/nm conftest.o \| sed -n -e 's/^.*[ ]\([BCDEGRST][BCDEGRST]*\)[ ][ ]*_\([_A-Za-z][_A-Za-z0-9]*\)$/\1 _\2 \2/p' | sed '/ __gnu_lto/d' \> conftest.nm
configure:6152: $? = 0
configure:6218: gcc -o conftest -g -O2   conftest.c conftstm.o >&5
gcc: warning: couldn't understand kern.osversion '14.0.0
configure:6221: $? = 0
configure:6259: result: ok
configure:6296: checking for sysroot
configure:6326: result: no
configure:6582: checking for mt
configure:6612: result: no
configure:6632: checking if : is a manifest tool
configure:6638: : '-?'
configure:6646: result: no
configure:6702: checking for dsymutil
configure:6718: found /usr/bin/dsymutil
configure:6729: result: dsymutil
configure:6794: checking for nmedit
configure:6810: found /usr/bin/nmedit
configure:6821: result: nmedit
configure:6886: checking for lipo
configure:6902: found /usr/bin/lipo
configure:6913: result: lipo
configure:6978: checking for otool
configure:6994: found /usr/bin/otool
configure:7005: result: otool
configure:7070: checking for otool64
configure:7100: result: no
configure:7145: checking for -single_module linker flag
gcc -g -O2  -o libconftest.dylib -dynamiclib -Wl,-single_module conftest.c
configure:7178: result: yes
configure:7181: checking for -exported_symbols_list linker flag
configure:7201: gcc -o conftest -g -O2   -Wl,-exported_symbols_list,conftest.sym conftest.c  >&5
gcc: warning: couldn't understand kern.osversion '14.0.0
configure:7201: $? = 0
configure:7211: result: yes
configure:7214: checking for -force_load linker flag
gcc -g -O2 -c -o conftest.o conftest.c
gcc: warning: couldn't understand kern.osversion '14.0.0
ar cru libconftest.a conftest.o
ranlib libconftest.a
gcc -g -O2  -o conftest conftest.c -Wl,-force_load,./libconftest.a
configure:7246: result: yes
configure:7288: checking how to run the C preprocessor
configure:7319: gcc -E  conftest.c
gcc: warning: couldn't understand kern.osversion '14.0.0
configure:7319: $? = 0
configure:7333: gcc -E  conftest.c
gcc: warning: couldn't understand kern.osversion '14.0.0
conftest.c:11:28: fatal error: ac_nonexistent.h: No such file or directory
 #include <ac_nonexistent.h>
                            ^
compilation terminated.
configure:7333: $? = 1
configure: failed program was:
| /* confdefs.h */
| #define PACKAGE_NAME "libmspack"
| #define PACKAGE_TARNAME "libmspack"
| #define PACKAGE_VERSION "0.4alpha"
| #define PACKAGE_STRING "libmspack 0.4alpha"
| #define PACKAGE_BUGREPORT "kyzer@4u.net"
| #define PACKAGE_URL ""
| #define PACKAGE "libmspack"
| #define VERSION "0.4alpha"
| /* end confdefs.h.  */
| #include <ac_nonexistent.h>
configure:7358: result: gcc -E
configure:7378: gcc -E  conftest.c
gcc: warning: couldn't understand kern.osversion '14.0.0
configure:7378: $? = 0
configure:7392: gcc -E  conftest.c
gcc: warning: couldn't understand kern.osversion '14.0.0
conftest.c:11:28: fatal error: ac_nonexistent.h: No such file or directory
 #include <ac_nonexistent.h>
                            ^
compilation terminated.
configure:7392: $? = 1
configure: failed program was:
| /* confdefs.h */
| #define PACKAGE_NAME "libmspack"
| #define PACKAGE_TARNAME "libmspack"
| #define PACKAGE_VERSION "0.4alpha"
| #define PACKAGE_STRING "libmspack 0.4alpha"
| #define PACKAGE_BUGREPORT "kyzer@4u.net"
| #define PACKAGE_URL ""
| #define PACKAGE "libmspack"
| #define VERSION "0.4alpha"
| /* end confdefs.h.  */
| #include <ac_nonexistent.h>
configure:7421: checking for ANSI C header files
configure:7441: gcc -c -g -O2  conftest.c >&5
gcc: warning: couldn't understand kern.osversion '14.0.0
configure:7441: $? = 0
gcc: warning: couldn't understand kern.osversion '14.0.0
gcc: warning: couldn't understand kern.osversion '14.0.0
configure:7514: gcc -o conftest -g -O2   conftest.c  >&5
gcc: warning: couldn't understand kern.osversion '14.0.0
configure:7514: $? = 0
configure:7514: ./conftest
configure:7514: $? = 0
configure:7525: result: yes
configure:7538: checking for sys/types.h
configure:7538: gcc -c -g -O2  conftest.c >&5
gcc: warning: couldn't understand kern.osversion '14.0.0
configure:7538: $? = 0
configure:7538: result: yes
configure:7538: checking for sys/stat.h
configure:7538: gcc -c -g -O2  conftest.c >&5
gcc: warning: couldn't understand kern.osversion '14.0.0
configure:7538: $? = 0
configure:7538: result: yes
configure:7538: checking for stdlib.h
configure:7538: gcc -c -g -O2  conftest.c >&5
gcc: warning: couldn't understand kern.osversion '14.0.0
configure:7538: $? = 0
configure:7538: result: yes
configure:7538: checking for string.h
configure:7538: gcc -c -g -O2  conftest.c >&5
gcc: warning: couldn't understand kern.osversion '14.0.0
configure:7538: $? = 0
configure:7538: result: yes
configure:7538: checking for memory.h
configure:7538: gcc -c -g -O2  conftest.c >&5
gcc: warning: couldn't understand kern.osversion '14.0.0
configure:7538: $? = 0
configure:7538: result: yes
configure:7538: checking for strings.h
configure:7538: gcc -c -g -O2  conftest.c >&5
gcc: warning: couldn't understand kern.osversion '14.0.0
configure:7538: $? = 0
configure:7538: result: yes
configure:7538: checking for inttypes.h
configure:7538: gcc -c -g -O2  conftest.c >&5
gcc: warning: couldn't understand kern.osversion '14.0.0
configure:7538: $? = 0
configure:7538: result: yes
configure:7538: checking for stdint.h
configure:7538: gcc -c -g -O2  conftest.c >&5
gcc: warning: couldn't understand kern.osversion '14.0.0
configure:7538: $? = 0
configure:7538: result: yes
configure:7538: checking for unistd.h
configure:7538: gcc -c -g -O2  conftest.c >&5
gcc: warning: couldn't understand kern.osversion '14.0.0
configure:7538: $? = 0
configure:7538: result: yes
configure:7552: checking for dlfcn.h
configure:7552: gcc -c -g -O2  conftest.c >&5
gcc: warning: couldn't understand kern.osversion '14.0.0
configure:7552: $? = 0
configure:7552: result: yes
configure:7758: checking for objdir
configure:7773: result: .libs
configure:8044: checking if gcc supports -fno-rtti -fno-exceptions
configure:8062: gcc -c -g -O2  -fno-rtti -fno-exceptions conftest.c >&5
gcc: warning: couldn't understand kern.osversion '14.0.0
cc1: warning: command line option '-fno-rtti' is valid for C++/ObjC++ but not for C [enabled by default]
configure:8066: $? = 0
configure:8079: result: no
configure:8406: checking for gcc option to produce PIC
configure:8413: result: -fno-common -DPIC
configure:8421: checking if gcc PIC flag -fno-common -DPIC works
configure:8439: gcc -c -g -O2  -fno-common -DPIC -DPIC conftest.c >&5
gcc: warning: couldn't understand kern.osversion '14.0.0
configure:8443: $? = 0
configure:8456: result: yes
configure:8485: checking if gcc static flag -static works
configure:8513: result: no
configure:8528: checking if gcc supports -c -o file.o
configure:8549: gcc -c -g -O2  -o out/conftest2.o conftest.c >&5
gcc: warning: couldn't understand kern.osversion '14.0.0
configure:8553: $? = 0
configure:8575: result: yes
configure:8583: checking if gcc supports -c -o file.o
configure:8630: result: yes
configure:8663: checking whether the gcc linker (/usr/bin/ld) supports shared libraries
configure:9820: result: yes
configure:10060: checking dynamic linker characteristics
configure:10805: result: darwin14.0.0 dyld
configure:10912: checking how to hardcode library paths into programs
configure:10937: result: immediate
configure:11477: checking whether stripping libraries is possible
configure:11491: result: yes
configure:11517: checking if libtool supports shared libraries
configure:11519: result: yes
configure:11522: checking whether to build shared libraries
configure:11543: result: yes
configure:11546: checking whether to build static libraries
configure:11550: result: yes
configure:11590: checking for ANSI C header files
configure:11694: result: yes
configure:11705: checking ctype.h usability
configure:11705: gcc -c -g -O2  conftest.c >&5
gcc: warning: couldn't understand kern.osversion '14.0.0
configure:11705: $? = 0
configure:11705: result: yes
configure:11705: checking ctype.h presence
configure:11705: gcc -E  conftest.c
gcc: warning: couldn't understand kern.osversion '14.0.0
configure:11705: $? = 0
configure:11705: result: yes
configure:11705: checking for ctype.h
configure:11705: result: yes
configure:11705: checking limits.h usability
configure:11705: gcc -c -g -O2  conftest.c >&5
gcc: warning: couldn't understand kern.osversion '14.0.0
configure:11705: $? = 0
configure:11705: result: yes
configure:11705: checking limits.h presence
configure:11705: gcc -E  conftest.c
gcc: warning: couldn't understand kern.osversion '14.0.0
configure:11705: $? = 0
configure:11705: result: yes
configure:11705: checking for limits.h
configure:11705: result: yes
configure:11705: checking for stdlib.h
configure:11705: result: yes
configure:11705: checking wctype.h usability
configure:11705: gcc -c -g -O2  conftest.c >&5
gcc: warning: couldn't understand kern.osversion '14.0.0
configure:11705: $? = 0
configure:11705: result: yes
configure:11705: checking wctype.h presence
configure:11705: gcc -E  conftest.c
gcc: warning: couldn't understand kern.osversion '14.0.0
configure:11705: $? = 0
configure:11705: result: yes
configure:11705: checking for wctype.h
configure:11705: result: yes
configure:11717: checking for an ANSI C-conforming const
configure:11782: gcc -c -g -O2  conftest.c >&5
gcc: warning: couldn't understand kern.osversion '14.0.0
configure:11782: $? = 0
configure:11789: result: yes
configure:11797: checking for inline
configure:11813: gcc -c -g -O2  conftest.c >&5
gcc: warning: couldn't understand kern.osversion '14.0.0
configure:11813: $? = 0
configure:11821: result: inline
configure:11839: checking for mode_t
configure:11839: gcc -c -g -O2  conftest.c >&5
gcc: warning: couldn't understand kern.osversion '14.0.0
configure:11839: $? = 0
configure:11839: gcc -c -g -O2  conftest.c >&5
gcc: warning: couldn't understand kern.osversion '14.0.0
conftest.c: In function 'main':
conftest.c:64:21: error: expected expression before ')' token
 if (sizeof ((mode_t)))
                     ^
configure:11839: $? = 1
configure: failed program was:
| /* confdefs.h */
| #define PACKAGE_NAME "libmspack"
| #define PACKAGE_TARNAME "libmspack"
| #define PACKAGE_VERSION "0.4alpha"
| #define PACKAGE_STRING "libmspack 0.4alpha"
| #define PACKAGE_BUGREPORT "kyzer@4u.net"
| #define PACKAGE_URL ""
| #define PACKAGE "libmspack"
| #define VERSION "0.4alpha"
| #define STDC_HEADERS 1
| #define HAVE_SYS_TYPES_H 1
| #define HAVE_SYS_STAT_H 1
| #define HAVE_STDLIB_H 1
| #define HAVE_STRING_H 1
| #define HAVE_MEMORY_H 1
| #define HAVE_STRINGS_H 1
| #define HAVE_INTTYPES_H 1
| #define HAVE_STDINT_H 1
| #define HAVE_UNISTD_H 1
| #define HAVE_DLFCN_H 1
| #define LT_OBJDIR ".libs/"
| #define STDC_HEADERS 1
| #define HAVE_CTYPE_H 1
| #define HAVE_LIMITS_H 1
| #define HAVE_STDLIB_H 1
| #define HAVE_WCTYPE_H 1
| /* end confdefs.h.  */
| #include <stdio.h>
| #ifdef HAVE_SYS_TYPES_H
| # include <sys/types.h>
| #endif
| #ifdef HAVE_SYS_STAT_H
| # include <sys/stat.h>
| #endif
| #ifdef STDC_HEADERS
| # include <stdlib.h>
| # include <stddef.h>
| #else
| # ifdef HAVE_STDLIB_H
| #  include <stdlib.h>
| # endif
| #endif
| #ifdef HAVE_STRING_H
| # if !defined STDC_HEADERS && defined HAVE_MEMORY_H
| #  include <memory.h>
| # endif
| # include <string.h>
| #endif
| #ifdef HAVE_STRINGS_H
| # include <strings.h>
| #endif
| #ifdef HAVE_INTTYPES_H
| # include <inttypes.h>
| #endif
| #ifdef HAVE_STDINT_H
| # include <stdint.h>
| #endif
| #ifdef HAVE_UNISTD_H
| # include <unistd.h>
| #endif
| int
| main ()
| {
| if (sizeof ((mode_t)))
| 	    return 0;
|   ;
|   return 0;
| }
configure:11839: result: yes
configure:11850: checking for off_t
configure:11850: gcc -c -g -O2  conftest.c >&5
gcc: warning: couldn't understand kern.osversion '14.0.0
configure:11850: $? = 0
configure:11850: gcc -c -g -O2  conftest.c >&5
gcc: warning: couldn't understand kern.osversion '14.0.0
conftest.c: In function 'main':
conftest.c:64:20: error: expected expression before ')' token
 if (sizeof ((off_t)))
                    ^
configure:11850: $? = 1
configure: failed program was:
| /* confdefs.h */
| #define PACKAGE_NAME "libmspack"
| #define PACKAGE_TARNAME "libmspack"
| #define PACKAGE_VERSION "0.4alpha"
| #define PACKAGE_STRING "libmspack 0.4alpha"
| #define PACKAGE_BUGREPORT "kyzer@4u.net"
| #define PACKAGE_URL ""
| #define PACKAGE "libmspack"
| #define VERSION "0.4alpha"
| #define STDC_HEADERS 1
| #define HAVE_SYS_TYPES_H 1
| #define HAVE_SYS_STAT_H 1
| #define HAVE_STDLIB_H 1
| #define HAVE_STRING_H 1
| #define HAVE_MEMORY_H 1
| #define HAVE_STRINGS_H 1
| #define HAVE_INTTYPES_H 1
| #define HAVE_STDINT_H 1
| #define HAVE_UNISTD_H 1
| #define HAVE_DLFCN_H 1
| #define LT_OBJDIR ".libs/"
| #define STDC_HEADERS 1
| #define HAVE_CTYPE_H 1
| #define HAVE_LIMITS_H 1
| #define HAVE_STDLIB_H 1
| #define HAVE_WCTYPE_H 1
| /* end confdefs.h.  */
| #include <stdio.h>
| #ifdef HAVE_SYS_TYPES_H
| # include <sys/types.h>
| #endif
| #ifdef HAVE_SYS_STAT_H
| # include <sys/stat.h>
| #endif
| #ifdef STDC_HEADERS
| # include <stdlib.h>
| # include <stddef.h>
| #else
| # ifdef HAVE_STDLIB_H
| #  include <stdlib.h>
| # endif
| #endif
| #ifdef HAVE_STRING_H
| # if !defined STDC_HEADERS && defined HAVE_MEMORY_H
| #  include <memory.h>
| # endif
| # include <string.h>
| #endif
| #ifdef HAVE_STRINGS_H
| # include <strings.h>
| #endif
| #ifdef HAVE_INTTYPES_H
| # include <inttypes.h>
| #endif
| #ifdef HAVE_STDINT_H
| # include <stdint.h>
| #endif
| #ifdef HAVE_UNISTD_H
| # include <unistd.h>
| #endif
| int
| main ()
| {
| if (sizeof ((off_t)))
| 	    return 0;
|   ;
|   return 0;
| }
configure:11850: result: yes
configure:11861: checking for size_t
configure:11861: gcc -c -g -O2  conftest.c >&5
gcc: warning: couldn't understand kern.osversion '14.0.0
configure:11861: $? = 0
configure:11861: gcc -c -g -O2  conftest.c >&5
gcc: warning: couldn't understand kern.osversion '14.0.0
conftest.c: In function 'main':
conftest.c:64:21: error: expected expression before ')' token
 if (sizeof ((size_t)))
                     ^
configure:11861: $? = 1
configure: failed program was:
| /* confdefs.h */
| #define PACKAGE_NAME "libmspack"
| #define PACKAGE_TARNAME "libmspack"
| #define PACKAGE_VERSION "0.4alpha"
| #define PACKAGE_STRING "libmspack 0.4alpha"
| #define PACKAGE_BUGREPORT "kyzer@4u.net"
| #define PACKAGE_URL ""
| #define PACKAGE "libmspack"
| #define VERSION "0.4alpha"
| #define STDC_HEADERS 1
| #define HAVE_SYS_TYPES_H 1
| #define HAVE_SYS_STAT_H 1
| #define HAVE_STDLIB_H 1
| #define HAVE_STRING_H 1
| #define HAVE_MEMORY_H 1
| #define HAVE_STRINGS_H 1
| #define HAVE_INTTYPES_H 1
| #define HAVE_STDINT_H 1
| #define HAVE_UNISTD_H 1
| #define HAVE_DLFCN_H 1
| #define LT_OBJDIR ".libs/"
| #define STDC_HEADERS 1
| #define HAVE_CTYPE_H 1
| #define HAVE_LIMITS_H 1
| #define HAVE_STDLIB_H 1
| #define HAVE_WCTYPE_H 1
| /* end confdefs.h.  */
| #include <stdio.h>
| #ifdef HAVE_SYS_TYPES_H
| # include <sys/types.h>
| #endif
| #ifdef HAVE_SYS_STAT_H
| # include <sys/stat.h>
| #endif
| #ifdef STDC_HEADERS
| # include <stdlib.h>
| # include <stddef.h>
| #else
| # ifdef HAVE_STDLIB_H
| #  include <stdlib.h>
| # endif
| #endif
| #ifdef HAVE_STRING_H
| # if !defined STDC_HEADERS && defined HAVE_MEMORY_H
| #  include <memory.h>
| # endif
| # include <string.h>
| #endif
| #ifdef HAVE_STRINGS_H
| # include <strings.h>
| #endif
| #ifdef HAVE_INTTYPES_H
| # include <inttypes.h>
| #endif
| #ifdef HAVE_STDINT_H
| # include <stdint.h>
| #endif
| #ifdef HAVE_UNISTD_H
| # include <unistd.h>
| #endif
| int
| main ()
| {
| if (sizeof ((size_t)))
| 	    return 0;
|   ;
|   return 0;
| }
configure:11861: result: yes
configure:11876: checking size of off_t
configure:11881: gcc -o conftest -g -O2   conftest.c  >&5
gcc: warning: couldn't understand kern.osversion '14.0.0
configure:11881: $? = 0
configure:11881: ./conftest
configure:11881: $? = 0
configure:11895: result: 8
configure:11908: checking for tolower
configure:11908: gcc -o conftest -g -O2   conftest.c  >&5
gcc: warning: couldn't understand kern.osversion '14.0.0
conftest.c:52:6: warning: conflicting types for built-in function 'tolower' [enabled by default]
 char tolower ();
      ^
configure:11908: $? = 0
configure:11908: result: yes
configure:11908: checking for towlower
configure:11908: gcc -o conftest -g -O2   conftest.c  >&5
gcc: warning: couldn't understand kern.osversion '14.0.0
conftest.c:53:6: warning: conflicting types for built-in function 'towlower' [enabled by default]
 char towlower ();
      ^
configure:11908: $? = 0
configure:11908: result: yes
configure:11926: checking for special C compiler options needed for large files
configure:11971: result: no
configure:11977: checking for _FILE_OFFSET_BITS value needed for large files
configure:12002: gcc -c -g -O2  conftest.c >&5
gcc: warning: couldn't understand kern.osversion '14.0.0
configure:12002: $? = 0
configure:12034: result: no
configure:12117: checking for _LARGEFILE_SOURCE value needed for large files
configure:12136: gcc -o conftest -g -O2   conftest.c  >&5
gcc: warning: couldn't understand kern.osversion '14.0.0
configure:12136: $? = 0
configure:12164: result: no
configure:12327: creating ./config.status

## ---------------------- ##
## Running config.status. ##
## ---------------------- ##

This file was extended by libmspack config.status 0.4alpha, which was
generated by GNU Autoconf 2.68.  Invocation command line was

  CONFIG_FILES    = 
  CONFIG_HEADERS  = 
  CONFIG_LINKS    = 
  CONFIG_COMMANDS = 
  $ ./config.status 

on Matthews-MacBook-Pro.local

config.status:1105: creating Makefile
config.status:1105: creating doc/Makefile
config.status:1105: creating doc/Doxyfile
config.status:1105: creating libmspack.pc
config.status:1105: creating config.h
config.status:1286: config.h is unchanged
config.status:1334: executing depfiles commands
config.status:1334: executing libtool commands

## ---------------- ##
## Cache variables. ##
## ---------------- ##

ac_cv_build=x86_64-apple-darwin14.0.0
ac_cv_c_compiler_gnu=yes
ac_cv_c_const=yes
ac_cv_c_inline=inline
ac_cv_env_CC_set=
ac_cv_env_CC_value=
ac_cv_env_CFLAGS_set=
ac_cv_env_CFLAGS_value=
ac_cv_env_CPPFLAGS_set=
ac_cv_env_CPPFLAGS_value=
ac_cv_env_CPP_set=
ac_cv_env_CPP_value=
ac_cv_env_LDFLAGS_set=
ac_cv_env_LDFLAGS_value=
ac_cv_env_LIBS_set=
ac_cv_env_LIBS_value=
ac_cv_env_build_alias_set=
ac_cv_env_build_alias_value=
ac_cv_env_host_alias_set=
ac_cv_env_host_alias_value=
ac_cv_env_target_alias_set=
ac_cv_env_target_alias_value=
ac_cv_func_tolower=yes
ac_cv_func_towlower=yes
ac_cv_header_ctype_h=yes
ac_cv_header_dlfcn_h=yes
ac_cv_header_inttypes_h=yes
ac_cv_header_limits_h=yes
ac_cv_header_memory_h=yes
ac_cv_header_stdc=yes
ac_cv_header_stdint_h=yes
ac_cv_header_stdlib_h=yes
ac_cv_header_string_h=yes
ac_cv_header_strings_h=yes
ac_cv_header_sys_stat_h=yes
ac_cv_header_sys_types_h=yes
ac_cv_header_unistd_h=yes
ac_cv_header_wctype_h=yes
ac_cv_host=x86_64-apple-darwin14.0.0
ac_cv_objext=o
ac_cv_path_EGREP='/usr/bin/grep -E'
ac_cv_path_FGREP='/usr/bin/grep -F'
ac_cv_path_GREP=/usr/bin/grep
ac_cv_path_SED=/usr/bin/sed
ac_cv_path_install='/usr/bin/install -c'
ac_cv_prog_AWK=awk
ac_cv_prog_CPP='gcc -E'
ac_cv_prog_ac_ct_AR=ar
ac_cv_prog_ac_ct_CC=gcc
ac_cv_prog_ac_ct_DSYMUTIL=dsymutil
ac_cv_prog_ac_ct_LIPO=lipo
ac_cv_prog_ac_ct_NMEDIT=nmedit
ac_cv_prog_ac_ct_OTOOL=otool
ac_cv_prog_ac_ct_RANLIB=ranlib
ac_cv_prog_ac_ct_STRIP=strip
ac_cv_prog_cc_c89=
ac_cv_prog_cc_g=yes
ac_cv_prog_make_make_set=yes
ac_cv_sizeof_off_t=8
ac_cv_sys_file_offset_bits=no
ac_cv_sys_largefile_CC=no
ac_cv_sys_largefile_source=no
ac_cv_type_mode_t=yes
ac_cv_type_off_t=yes
ac_cv_type_size_t=yes
am_cv_CC_dependencies_compiler_type=gcc3
am_cv_make_support_nested_variables=yes
lt_cv_apple_cc_single_mod=yes
lt_cv_ar_at_file=no
lt_cv_deplibs_check_method=pass_all
lt_cv_file_magic_cmd='$MAGIC_CMD'
lt_cv_file_magic_test_file=
lt_cv_ld_exported_symbols_list=yes
lt_cv_ld_force_load=yes
lt_cv_ld_reload_flag=-r
lt_cv_nm_interface='BSD nm'
lt_cv_objdir=.libs
lt_cv_path_LD=/usr/bin/ld
lt_cv_path_NM=/usr/bin/nm
lt_cv_path_mainfest_tool=no
lt_cv_prog_compiler_c_o=yes
lt_cv_prog_compiler_pic='-fno-common -DPIC'
lt_cv_prog_compiler_pic_works=yes
lt_cv_prog_compiler_rtti_exceptions=no
lt_cv_prog_compiler_static_works=no
lt_cv_prog_gnu_ld=no
lt_cv_sharedlib_from_linklib_cmd='printf %s\n'
lt_cv_sys_global_symbol_pipe='sed -n -e '\''s/^.*[	 ]\([BCDEGRST][BCDEGRST]*\)[	 ][	 ]*_\([_A-Za-z][_A-Za-z0-9]*\)$/\1 _\2 \2/p'\'' | sed '\''/ __gnu_lto/d'\'''
lt_cv_sys_global_symbol_to_c_name_address='sed -n -e '\''s/^: \([^ ]*\)[ ]*$/  {\"\1\", (void *) 0},/p'\'' -e '\''s/^[BCDEGRST]* \([^ ]*\) \([^ ]*\)$/  {"\2", (void *) \&\2},/p'\'''
lt_cv_sys_global_symbol_to_c_name_address_lib_prefix='sed -n -e '\''s/^: \([^ ]*\)[ ]*$/  {\"\1\", (void *) 0},/p'\'' -e '\''s/^[BCDEGRST]* \([^ ]*\) \(lib[^ ]*\)$/  {"\2", (void *) \&\2},/p'\'' -e '\''s/^[BCDEGRST]* \([^ ]*\) \([^ ]*\)$/  {"lib\2", (void *) \&\2},/p'\'''
lt_cv_sys_global_symbol_to_cdecl='sed -n -e '\''s/^T .* \(.*\)$/extern int \1();/p'\'' -e '\''s/^[BCDEGRST]* .* \(.*\)$/extern char \1;/p'\'''
lt_cv_sys_max_cmd_len=196608
lt_cv_to_host_file_cmd=func_convert_file_noop
lt_cv_to_tool_file_cmd=func_convert_file_noop

## ----------------- ##
## Output variables. ##
## ----------------- ##

ACLOCAL='${SHELL} /Users/matt/Dropbox/github/JRGSS/libmspack-0.4alpha/missing --run aclocal-1.11'
AMDEPBACKSLASH='\'
AMDEP_FALSE='#'
AMDEP_TRUE=''
AMTAR='$${TAR-tar}'
AM_BACKSLASH='\'
AM_DEFAULT_V='$(AM_DEFAULT_VERBOSITY)'
AM_DEFAULT_VERBOSITY='0'
AM_V='$(V)'
AR='ar'
AUTOCONF='${SHELL} /Users/matt/Dropbox/github/JRGSS/libmspack-0.4alpha/missing --run autoconf'
AUTOHEADER='${SHELL} /Users/matt/Dropbox/github/JRGSS/libmspack-0.4alpha/missing --run autoheader'
AUTOMAKE='${SHELL} /Users/matt/Dropbox/github/JRGSS/libmspack-0.4alpha/missing --run automake-1.11'
AWK='awk'
CC='gcc'
CCDEPMODE='depmode=gcc3'
CFLAGS='-g -O2'
CPP='gcc -E'
CPPFLAGS=''
CYGPATH_W='echo'
DEBUG_FALSE=''
DEBUG_TRUE='#'
DEFS='-DHAVE_CONFIG_H'
DEPDIR='.deps'
DLLTOOL='false'
DSYMUTIL='dsymutil'
DUMPBIN=''
ECHO_C='\c'
ECHO_N=''
ECHO_T=''
EGREP='/usr/bin/grep -E'
EXEEXT=''
FGREP='/usr/bin/grep -F'
GCC_FALSE='#'
GCC_TRUE=''
GREP='/usr/bin/grep'
INSTALL_DATA='${INSTALL} -m 644'
INSTALL_PROGRAM='${INSTALL}'
INSTALL_SCRIPT='${INSTALL}'
INSTALL_STRIP_PROGRAM='$(install_sh) -c -s'
LD='/usr/bin/ld'
LDFLAGS=''
LIBOBJS=''
LIBS=''
LIBTOOL='$(SHELL) $(top_builddir)/libtool'
LIPO='lipo'
LN_S='ln -s'
LTLIBOBJS=''
MAKEINFO='${SHELL} /Users/matt/Dropbox/github/JRGSS/libmspack-0.4alpha/missing --run makeinfo'
MANIFEST_TOOL=':'
MKDIR_P='./install-sh -c -d'
NM='/usr/bin/nm'
NMEDIT='nmedit'
OBJDUMP='false'
OBJEXT='o'
OTOOL64=':'
OTOOL='otool'
PACKAGE='libmspack'
PACKAGE_BUGREPORT='kyzer@4u.net'
PACKAGE_NAME='libmspack'
PACKAGE_STRING='libmspack 0.4alpha'
PACKAGE_TARNAME='libmspack'
PACKAGE_URL=''
PACKAGE_VERSION='0.4alpha'
PATH_SEPARATOR=':'
RANLIB='ranlib'
SED='/usr/bin/sed'
SET_MAKE=''
SHELL='/bin/sh'
STRIP='strip'
VERSION='0.4alpha'
ac_ct_AR='ar'
ac_ct_CC='gcc'
ac_ct_DUMPBIN=''
am__EXEEXT_FALSE=''
am__EXEEXT_TRUE='#'
am__fastdepCC_FALSE='#'
am__fastdepCC_TRUE=''
am__include='include'
am__isrc=''
am__leading_dot='.'
am__nodep='_no'
am__quote=''
am__tar='$${TAR-tar} chof - "$$tardir"'
am__untar='$${TAR-tar} xf -'
bindir='${exec_prefix}/bin'
build='x86_64-apple-darwin14.0.0'
build_alias=''
build_cpu='x86_64'
build_os='darwin14.0.0'
build_vendor='apple'
datadir='${datarootdir}'
datarootdir='${prefix}/share'
docdir='${datarootdir}/doc/${PACKAGE_TARNAME}'
dvidir='${docdir}'
exec_prefix='${prefix}'
host='x86_64-apple-darwin14.0.0'
host_alias=''
host_cpu='x86_64'
host_os='darwin14.0.0'
host_vendor='apple'
htmldir='${docdir}'
includedir='${prefix}/include'
infodir='${datarootdir}/info'
install_sh='${SHELL} /Users/matt/Dropbox/github/JRGSS/libmspack-0.4alpha/install-sh'
libdir='${exec_prefix}/lib'
libexecdir='${exec_prefix}/libexec'
localedir='${datarootdir}/locale'
localstatedir='${prefix}/var'
mandir='${datarootdir}/man'
mkdir_p='$(top_builddir)/./install-sh -c -d'
oldincludedir='/usr/include'
pdfdir='${docdir}'
prefix='/usr/local'
program_transform_name='s,x,x,'
psdir='${docdir}'
sbindir='${exec_prefix}/sbin'
sharedstatedir='${prefix}/com'
sysconfdir='${prefix}/etc'
target_alias=''

## ----------- ##
## confdefs.h. ##
## ----------- ##

/* confdefs.h */
#define PACKAGE_NAME "libmspack"
#define PACKAGE_TARNAME "libmspack"
#define PACKAGE_VERSION "0.4alpha"
#define PACKAGE_STRING "libmspack 0.4alpha"
#define PACKAGE_BUGREPORT "kyzer@4u.net"
#define PACKAGE_URL ""
#define PACKAGE "libmspack"
#define VERSION "0.4alpha"
#define STDC_HEADERS 1
#define HAVE_SYS_TYPES_H 1
#define HAVE_SYS_STAT_H 1
#define HAVE_STDLIB_H 1
#define HAVE_STRING_H 1
#define HAVE_MEMORY_H 1
#define HAVE_STRINGS_H 1
#define HAVE_INTTYPES_H 1
#define HAVE_STDINT_H 1
#define HAVE_UNISTD_H 1
#define HAVE_DLFCN_H 1
#define LT_OBJDIR ".libs/"
#define STDC_HEADERS 1
#define HAVE_CTYPE_H 1
#define HAVE_LIMITS_H 1
#define HAVE_STDLIB_H 1
#define HAVE_WCTYPE_H 1
#define SIZEOF_OFF_T 8
#define HAVE_TOLOWER 1
#define HAVE_TOWLOWER 1
#define HAVE_FSEEKO 1

configure: exit 0
